2025-10-06 11:38:44,381 [INFO] backtest.engine: run_complete symbol=ADBE trades=18 entries=18 exits=18 buffer_blocks=0 persistence_blocks=0 delay_bars=0 costs_enabled=True
2025-10-06 11:38:44,420 [INFO] backtest.engine: run_complete symbol=AMD trades=23 entries=23 exits=23 buffer_blocks=0 persistence_blocks=0 delay_bars=0 costs_enabled=True
2025-10-06 11:38:44,455 [INFO] backtest.engine: run_complete symbol=ABNB trades=15 entries=15 exits=15 buffer_blocks=0 persistence_blocks=0 delay_bars=0 costs_enabled=True
2025-10-06 11:38:44,489 [INFO] backtest.engine: run_complete symbol=GOOGL trades=19 entries=19 exits=19 buffer_blocks=0 persistence_blocks=0 delay_bars=0 costs_enabled=True
2025-10-06 11:38:44,522 [INFO] backtest.engine: run_complete symbol=GOOG trades=20 entries=20 exits=20 buffer_blocks=0 persistence_blocks=0 delay_bars=0 costs_enabled=True
2025-10-06 11:38:44,555 [INFO] backtest.engine: run_complete symbol=AMZN trades=19 entries=19 exits=19 buffer_blocks=0 persistence_blocks=0 delay_bars=0 costs_enabled=True
2025-10-06 11:38:44,588 [INFO] backtest.engine: run_complete symbol=AEP trades=17 entries=17 exits=17 buffer_blocks=0 persistence_blocks=0 delay_bars=0 costs_enabled=True
2025-10-06 11:38:44,622 [INFO] backtest.engine: run_complete symbol=AMGN trades=22 entries=22 exits=22 buffer_blocks=0 persistence_blocks=0 delay_bars=0 costs_enabled=True
2025-10-06 11:38:44,655 [INFO] backtest.engine: run_complete symbol=ADI trades=17 entries=17 exits=17 buffer_blocks=0 persistence_blocks=0 delay_bars=0 costs_enabled=True
2025-10-06 11:38:44,688 [INFO] backtest.engine: run_complete symbol=AAPL trades=19 entries=19 exits=19 buffer_blocks=0 persistence_blocks=0 delay_bars=0 costs_enabled=True
2025-10-06 11:38:44,710 [INFO] backtest.engine: run_complete symbol=ADBE trades=7 entries=7 exits=7 buffer_blocks=0 persistence_blocks=0 delay_bars=0 costs_enabled=True
2025-10-06 11:38:44,728 [INFO] backtest.engine: run_complete symbol=AMD trades=7 entries=7 exits=7 buffer_blocks=0 persistence_blocks=0 delay_bars=0 costs_enabled=True
2025-10-06 11:38:44,745 [INFO] backtest.engine: run_complete symbol=ABNB trades=8 entries=8 exits=8 buffer_blocks=0 persistence_blocks=0 delay_bars=0 costs_enabled=True
2025-10-06 11:38:44,763 [INFO] backtest.engine: run_complete symbol=GOOGL trades=10 entries=10 exits=10 buffer_blocks=0 persistence_blocks=0 delay_bars=0 costs_enabled=True
2025-10-06 11:38:44,780 [INFO] backtest.engine: run_complete symbol=GOOG trades=11 entries=11 exits=11 buffer_blocks=0 persistence_blocks=0 delay_bars=0 costs_enabled=True
2025-10-06 11:38:44,797 [INFO] backtest.engine: run_complete symbol=AMZN trades=7 entries=7 exits=7 buffer_blocks=0 persistence_blocks=0 delay_bars=0 costs_enabled=True
2025-10-06 11:38:44,814 [INFO] backtest.engine: run_complete symbol=AEP trades=8 entries=8 exits=8 buffer_blocks=0 persistence_blocks=0 delay_bars=0 costs_enabled=True
2025-10-06 11:38:44,830 [INFO] backtest.engine: run_complete symbol=AMGN trades=7 entries=7 exits=7 buffer_blocks=0 persistence_blocks=0 delay_bars=0 costs_enabled=True
2025-10-06 11:38:44,847 [INFO] backtest.engine: run_complete symbol=ADI trades=6 entries=6 exits=6 buffer_blocks=0 persistence_blocks=0 delay_bars=0 costs_enabled=True
2025-10-06 11:38:44,864 [INFO] backtest.engine: run_complete symbol=AAPL trades=9 entries=9 exits=9 buffer_blocks=0 persistence_blocks=0 delay_bars=0 costs_enabled=True
2025-10-06 11:38:44,900 [INFO] backtest.engine: run_complete symbol=ADBE trades=17 entries=17 exits=17 buffer_blocks=0 persistence_blocks=0 delay_bars=0 costs_enabled=True
2025-10-06 11:38:44,931 [INFO] backtest.engine: run_complete symbol=AMD trades=17 entries=17 exits=17 buffer_blocks=0 persistence_blocks=0 delay_bars=0 costs_enabled=True
2025-10-06 11:38:44,961 [INFO] backtest.engine: run_complete symbol=ABNB trades=13 entries=13 exits=13 buffer_blocks=0 persistence_blocks=0 delay_bars=0 costs_enabled=True
2025-10-06 11:38:44,993 [INFO] backtest.engine: run_complete symbol=GOOGL trades=18 entries=18 exits=18 buffer_blocks=0 persistence_blocks=0 delay_bars=0 costs_enabled=True
2025-10-06 11:38:45,025 [INFO] backtest.engine: run_complete symbol=GOOG trades=17 entries=17 exits=17 buffer_blocks=0 persistence_blocks=0 delay_bars=0 costs_enabled=True
2025-10-06 11:38:45,056 [INFO] backtest.engine: run_complete symbol=AMZN trades=14 entries=14 exits=14 buffer_blocks=0 persistence_blocks=0 delay_bars=0 costs_enabled=True
2025-10-06 11:38:45,087 [INFO] backtest.engine: run_complete symbol=AEP trades=13 entries=13 exits=13 buffer_blocks=0 persistence_blocks=0 delay_bars=0 costs_enabled=True
2025-10-06 11:38:45,118 [INFO] backtest.engine: run_complete symbol=AMGN trades=14 entries=14 exits=14 buffer_blocks=0 persistence_blocks=0 delay_bars=0 costs_enabled=True
2025-10-06 11:38:45,150 [INFO] backtest.engine: run_complete symbol=ADI trades=14 entries=14 exits=14 buffer_blocks=0 persistence_blocks=0 delay_bars=0 costs_enabled=True
2025-10-06 11:38:45,181 [INFO] backtest.engine: run_complete symbol=AAPL trades=16 entries=16 exits=16 buffer_blocks=0 persistence_blocks=0 delay_bars=0 costs_enabled=True
2025-10-06 11:38:45,202 [INFO] backtest.engine: run_complete symbol=ADBE trades=1 entries=1 exits=1 buffer_blocks=0 persistence_blocks=0 delay_bars=0 costs_enabled=True
2025-10-06 11:38:45,218 [INFO] backtest.engine: run_complete symbol=AMD trades=5 entries=5 exits=5 buffer_blocks=0 persistence_blocks=0 delay_bars=0 costs_enabled=True
2025-10-06 11:38:45,235 [INFO] backtest.engine: run_complete symbol=ABNB trades=4 entries=4 exits=4 buffer_blocks=0 persistence_blocks=0 delay_bars=0 costs_enabled=True
2025-10-06 11:38:45,252 [INFO] backtest.engine: run_complete symbol=GOOGL trades=8 entries=8 exits=8 buffer_blocks=0 persistence_blocks=0 delay_bars=0 costs_enabled=True
2025-10-06 11:38:45,269 [INFO] backtest.engine: run_complete symbol=GOOG trades=8 entries=8 exits=8 buffer_blocks=0 persistence_blocks=0 delay_bars=0 costs_enabled=True
2025-10-06 11:38:45,285 [INFO] backtest.engine: run_complete symbol=AMZN trades=5 entries=5 exits=5 buffer_blocks=0 persistence_blocks=0 delay_bars=0 costs_enabled=True
2025-10-06 11:38:45,301 [INFO] backtest.engine: run_complete symbol=AEP trades=7 entries=7 exits=7 buffer_blocks=0 persistence_blocks=0 delay_bars=0 costs_enabled=True
2025-10-06 11:38:45,319 [INFO] backtest.engine: run_complete symbol=AMGN trades=3 entries=3 exits=3 buffer_blocks=0 persistence_blocks=0 delay_bars=0 costs_enabled=True
2025-10-06 11:38:45,337 [INFO] backtest.engine: run_complete symbol=ADI trades=4 entries=4 exits=4 buffer_blocks=0 persistence_blocks=0 delay_bars=0 costs_enabled=True
2025-10-06 11:38:45,355 [INFO] backtest.engine: run_complete symbol=AAPL trades=6 entries=6 exits=6 buffer_blocks=0 persistence_blocks=0 delay_bars=0 costs_enabled=True
2025-10-06 11:38:45,409 [INFO] backtest.engine: run_complete symbol=ADBE trades=20 entries=20 exits=20 buffer_blocks=0 persistence_blocks=0 delay_bars=0 costs_enabled=True
2025-10-06 11:38:45,446 [INFO] backtest.engine: run_complete symbol=AMD trades=25 entries=25 exits=25 buffer_blocks=0 persistence_blocks=0 delay_bars=0 costs_enabled=True
2025-10-06 11:38:45,484 [INFO] backtest.engine: run_complete symbol=ABNB trades=21 entries=21 exits=21 buffer_blocks=0 persistence_blocks=0 delay_bars=0 costs_enabled=True
2025-10-06 11:38:45,520 [INFO] backtest.engine: run_complete symbol=GOOGL trades=21 entries=21 exits=21 buffer_blocks=0 persistence_blocks=0 delay_bars=0 costs_enabled=True
2025-10-06 11:38:45,554 [INFO] backtest.engine: run_complete symbol=GOOG trades=21 entries=21 exits=21 buffer_blocks=0 persistence_blocks=0 delay_bars=0 costs_enabled=True
2025-10-06 11:38:45,588 [INFO] backtest.engine: run_complete symbol=AMZN trades=20 entries=20 exits=20 buffer_blocks=0 persistence_blocks=0 delay_bars=0 costs_enabled=True
2025-10-06 11:38:45,621 [INFO] backtest.engine: run_complete symbol=AEP trades=18 entries=18 exits=18 buffer_blocks=0 persistence_blocks=0 delay_bars=0 costs_enabled=True
2025-10-06 11:38:45,654 [INFO] backtest.engine: run_complete symbol=AMGN trades=21 entries=21 exits=21 buffer_blocks=0 persistence_blocks=0 delay_bars=0 costs_enabled=True
2025-10-06 11:38:45,687 [INFO] backtest.engine: run_complete symbol=ADI trades=18 entries=18 exits=18 buffer_blocks=0 persistence_blocks=0 delay_bars=0 costs_enabled=True
2025-10-06 11:38:45,720 [INFO] backtest.engine: run_complete symbol=AAPL trades=21 entries=21 exits=21 buffer_blocks=0 persistence_blocks=0 delay_bars=0 costs_enabled=True
2025-10-06 11:38:45,741 [INFO] backtest.engine: run_complete symbol=ADBE trades=7 entries=7 exits=7 buffer_blocks=0 persistence_blocks=0 delay_bars=0 costs_enabled=True
2025-10-06 11:38:45,758 [INFO] backtest.engine: run_complete symbol=AMD trades=9 entries=9 exits=9 buffer_blocks=0 persistence_blocks=0 delay_bars=0 costs_enabled=True
2025-10-06 11:38:45,776 [INFO] backtest.engine: run_complete symbol=ABNB trades=9 entries=9 exits=9 buffer_blocks=0 persistence_blocks=0 delay_bars=0 costs_enabled=True
2025-10-06 11:38:45,792 [INFO] backtest.engine: run_complete symbol=GOOGL trades=11 entries=11 exits=11 buffer_blocks=0 persistence_blocks=0 delay_bars=0 costs_enabled=True
2025-10-06 11:38:45,811 [INFO] backtest.engine: run_complete symbol=GOOG trades=11 entries=11 exits=11 buffer_blocks=0 persistence_blocks=0 delay_bars=0 costs_enabled=True
2025-10-06 11:38:45,830 [INFO] backtest.engine: run_complete symbol=AMZN trades=8 entries=8 exits=8 buffer_blocks=0 persistence_blocks=0 delay_bars=0 costs_enabled=True
2025-10-06 11:38:45,849 [INFO] backtest.engine: run_complete symbol=AEP trades=10 entries=10 exits=10 buffer_blocks=0 persistence_blocks=0 delay_bars=0 costs_enabled=True
2025-10-06 11:38:45,868 [INFO] backtest.engine: run_complete symbol=AMGN trades=9 entries=9 exits=9 buffer_blocks=0 persistence_blocks=0 delay_bars=0 costs_enabled=True
2025-10-06 11:38:45,886 [INFO] backtest.engine: run_complete symbol=ADI trades=8 entries=8 exits=8 buffer_blocks=0 persistence_blocks=0 delay_bars=0 costs_enabled=True
2025-10-06 11:38:45,905 [INFO] backtest.engine: run_complete symbol=AAPL trades=11 entries=11 exits=11 buffer_blocks=0 persistence_blocks=0 delay_bars=0 costs_enabled=True
2025-10-06 11:38:45,945 [INFO] backtest.engine: run_complete symbol=ADBE trades=18 entries=18 exits=18 buffer_blocks=0 persistence_blocks=0 delay_bars=0 costs_enabled=True
2025-10-06 11:38:45,979 [INFO] backtest.engine: run_complete symbol=AMD trades=19 entries=19 exits=19 buffer_blocks=0 persistence_blocks=0 delay_bars=0 costs_enabled=True
2025-10-06 11:38:46,012 [INFO] backtest.engine: run_complete symbol=ABNB trades=13 entries=13 exits=13 buffer_blocks=0 persistence_blocks=0 delay_bars=0 costs_enabled=True
2025-10-06 11:38:46,045 [INFO] backtest.engine: run_complete symbol=GOOGL trades=18 entries=18 exits=18 buffer_blocks=0 persistence_blocks=0 delay_bars=0 costs_enabled=True
2025-10-06 11:38:46,077 [INFO] backtest.engine: run_complete symbol=GOOG trades=17 entries=17 exits=17 buffer_blocks=0 persistence_blocks=0 delay_bars=0 costs_enabled=True
2025-10-06 11:38:46,109 [INFO] backtest.engine: run_complete symbol=AMZN trades=16 entries=16 exits=16 buffer_blocks=0 persistence_blocks=0 delay_bars=0 costs_enabled=True
2025-10-06 11:38:46,141 [INFO] backtest.engine: run_complete symbol=AEP trades=12 entries=12 exits=12 buffer_blocks=0 persistence_blocks=0 delay_bars=0 costs_enabled=True
2025-10-06 11:38:46,172 [INFO] backtest.engine: run_complete symbol=AMGN trades=15 entries=15 exits=15 buffer_blocks=0 persistence_blocks=0 delay_bars=0 costs_enabled=True
2025-10-06 11:38:46,207 [INFO] backtest.engine: run_complete symbol=ADI trades=16 entries=16 exits=16 buffer_blocks=0 persistence_blocks=0 delay_bars=0 costs_enabled=True
2025-10-06 11:38:46,240 [INFO] backtest.engine: run_complete symbol=AAPL trades=16 entries=16 exits=16 buffer_blocks=0 persistence_blocks=0 delay_bars=0 costs_enabled=True
2025-10-06 11:38:46,261 [INFO] backtest.engine: run_complete symbol=ADBE trades=1 entries=1 exits=1 buffer_blocks=0 persistence_blocks=0 delay_bars=0 costs_enabled=True
2025-10-06 11:38:46,278 [INFO] backtest.engine: run_complete symbol=AMD trades=6 entries=6 exits=6 buffer_blocks=0 persistence_blocks=0 delay_bars=0 costs_enabled=True
2025-10-06 11:38:46,294 [INFO] backtest.engine: run_complete symbol=ABNB trades=5 entries=5 exits=5 buffer_blocks=0 persistence_blocks=0 delay_bars=0 costs_enabled=True
2025-10-06 11:38:46,311 [INFO] backtest.engine: run_complete symbol=GOOGL trades=7 entries=7 exits=7 buffer_blocks=0 persistence_blocks=0 delay_bars=0 costs_enabled=True
2025-10-06 11:38:46,327 [INFO] backtest.engine: run_complete symbol=GOOG trades=7 entries=7 exits=7 buffer_blocks=0 persistence_blocks=0 delay_bars=0 costs_enabled=True
2025-10-06 11:38:46,344 [INFO] backtest.engine: run_complete symbol=AMZN trades=5 entries=5 exits=5 buffer_blocks=0 persistence_blocks=0 delay_bars=0 costs_enabled=True
2025-10-06 11:38:46,361 [INFO] backtest.engine: run_complete symbol=AEP trades=6 entries=6 exits=6 buffer_blocks=0 persistence_blocks=0 delay_bars=0 costs_enabled=True
2025-10-06 11:38:46,377 [INFO] backtest.engine: run_complete symbol=AMGN trades=4 entries=4 exits=4 buffer_blocks=0 persistence_blocks=0 delay_bars=0 costs_enabled=True
2025-10-06 11:38:46,393 [INFO] backtest.engine: run_complete symbol=ADI trades=6 entries=6 exits=6 buffer_blocks=0 persistence_blocks=0 delay_bars=0 costs_enabled=True
2025-10-06 11:38:46,409 [INFO] backtest.engine: run_complete symbol=AAPL trades=6 entries=6 exits=6 buffer_blocks=0 persistence_blocks=0 delay_bars=0 costs_enabled=True
2025-10-06 11:38:46,450 [INFO] backtest.engine: run_complete symbol=ADBE trades=40 entries=40 exits=40 buffer_blocks=0 persistence_blocks=0 delay_bars=0 costs_enabled=True
2025-10-06 11:38:46,488 [INFO] backtest.engine: run_complete symbol=AMD trades=51 entries=51 exits=51 buffer_blocks=0 persistence_blocks=0 delay_bars=0 costs_enabled=True
2025-10-06 11:38:46,524 [INFO] backtest.engine: run_complete symbol=ABNB trades=43 entries=43 exits=43 buffer_blocks=0 persistence_blocks=0 delay_bars=0 costs_enabled=True
2025-10-06 11:38:46,562 [INFO] backtest.engine: run_complete symbol=GOOGL trades=46 entries=46 exits=46 buffer_blocks=0 persistence_blocks=0 delay_bars=0 costs_enabled=True
2025-10-06 11:38:46,598 [INFO] backtest.engine: run_complete symbol=GOOG trades=47 entries=47 exits=47 buffer_blocks=0 persistence_blocks=0 delay_bars=0 costs_enabled=True
2025-10-06 11:38:46,635 [INFO] backtest.engine: run_complete symbol=AMZN trades=42 entries=42 exits=42 buffer_blocks=0 persistence_blocks=0 delay_bars=0 costs_enabled=True
2025-10-06 11:38:46,672 [INFO] backtest.engine: run_complete symbol=AEP trades=42 entries=42 exits=42 buffer_blocks=0 persistence_blocks=0 delay_bars=0 costs_enabled=True
2025-10-06 11:38:46,708 [INFO] backtest.engine: run_complete symbol=AMGN trades=45 entries=45 exits=45 buffer_blocks=0 persistence_blocks=0 delay_bars=0 costs_enabled=True
2025-10-06 11:38:46,744 [INFO] backtest.engine: run_complete symbol=ADI trades=45 entries=45 exits=45 buffer_blocks=0 persistence_blocks=0 delay_bars=0 costs_enabled=True
2025-10-06 11:38:46,780 [INFO] backtest.engine: run_complete symbol=AAPL trades=42 entries=42 exits=42 buffer_blocks=0 persistence_blocks=0 delay_bars=0 costs_enabled=True
2025-10-06 11:38:46,803 [INFO] backtest.engine: run_complete symbol=ADBE trades=14 entries=14 exits=14 buffer_blocks=0 persistence_blocks=0 delay_bars=0 costs_enabled=True
2025-10-06 11:38:46,821 [INFO] backtest.engine: run_complete symbol=AMD trades=16 entries=16 exits=16 buffer_blocks=0 persistence_blocks=0 delay_bars=0 costs_enabled=True
2025-10-06 11:38:46,838 [INFO] backtest.engine: run_complete symbol=ABNB trades=16 entries=16 exits=16 buffer_blocks=0 persistence_blocks=0 delay_bars=0 costs_enabled=True
2025-10-06 11:38:46,857 [INFO] backtest.engine: run_complete symbol=GOOGL trades=20 entries=20 exits=20 buffer_blocks=0 persistence_blocks=0 delay_bars=0 costs_enabled=True
2025-10-06 11:38:46,875 [INFO] backtest.engine: run_complete symbol=GOOG trades=21 entries=21 exits=21 buffer_blocks=0 persistence_blocks=0 delay_bars=0 costs_enabled=True
2025-10-06 11:38:46,894 [INFO] backtest.engine: run_complete symbol=AMZN trades=18 entries=18 exits=18 buffer_blocks=0 persistence_blocks=0 delay_bars=0 costs_enabled=True
2025-10-06 11:38:46,913 [INFO] backtest.engine: run_complete symbol=AEP trades=23 entries=23 exits=23 buffer_blocks=0 persistence_blocks=0 delay_bars=0 costs_enabled=True
2025-10-06 11:38:46,931 [INFO] backtest.engine: run_complete symbol=AMGN trades=18 entries=18 exits=18 buffer_blocks=0 persistence_blocks=0 delay_bars=0 costs_enabled=True
2025-10-06 11:38:46,949 [INFO] backtest.engine: run_complete symbol=ADI trades=17 entries=17 exits=17 buffer_blocks=0 persistence_blocks=0 delay_bars=0 costs_enabled=True
2025-10-06 11:38:46,967 [INFO] backtest.engine: run_complete symbol=AAPL trades=20 entries=20 exits=20 buffer_blocks=0 persistence_blocks=0 delay_bars=0 costs_enabled=True
2025-10-06 11:38:47,007 [INFO] backtest.engine: run_complete symbol=ADBE trades=41 entries=41 exits=41 buffer_blocks=0 persistence_blocks=0 delay_bars=0 costs_enabled=True
2025-10-06 11:38:47,044 [INFO] backtest.engine: run_complete symbol=AMD trades=51 entries=51 exits=51 buffer_blocks=0 persistence_blocks=0 delay_bars=0 costs_enabled=True
2025-10-06 11:38:47,081 [INFO] backtest.engine: run_complete symbol=ABNB trades=45 entries=45 exits=45 buffer_blocks=0 persistence_blocks=0 delay_bars=0 costs_enabled=True
2025-10-06 11:38:47,118 [INFO] backtest.engine: run_complete symbol=GOOGL trades=46 entries=46 exits=46 buffer_blocks=0 persistence_blocks=0 delay_bars=0 costs_enabled=True
2025-10-06 11:38:47,155 [INFO] backtest.engine: run_complete symbol=GOOG trades=47 entries=47 exits=47 buffer_blocks=0 persistence_blocks=0 delay_bars=0 costs_enabled=True
2025-10-06 11:38:47,191 [INFO] backtest.engine: run_complete symbol=AMZN trades=42 entries=42 exits=42 buffer_blocks=0 persistence_blocks=0 delay_bars=0 costs_enabled=True
2025-10-06 11:38:47,227 [INFO] backtest.engine: run_complete symbol=AEP trades=43 entries=43 exits=43 buffer_blocks=0 persistence_blocks=0 delay_bars=0 costs_enabled=True
2025-10-06 11:38:47,263 [INFO] backtest.engine: run_complete symbol=AMGN trades=44 entries=44 exits=44 buffer_blocks=0 persistence_blocks=0 delay_bars=0 costs_enabled=True
2025-10-06 11:38:47,300 [INFO] backtest.engine: run_complete symbol=ADI trades=46 entries=46 exits=46 buffer_blocks=0 persistence_blocks=0 delay_bars=0 costs_enabled=True
2025-10-06 11:38:47,337 [INFO] backtest.engine: run_complete symbol=AAPL trades=42 entries=42 exits=42 buffer_blocks=0 persistence_blocks=0 delay_bars=0 costs_enabled=True
2025-10-06 11:38:47,360 [INFO] backtest.engine: run_complete symbol=ADBE trades=14 entries=14 exits=14 buffer_blocks=0 persistence_blocks=0 delay_bars=0 costs_enabled=True
2025-10-06 11:38:47,378 [INFO] backtest.engine: run_complete symbol=AMD trades=17 entries=17 exits=17 buffer_blocks=0 persistence_blocks=0 delay_bars=0 costs_enabled=True
2025-10-06 11:38:47,395 [INFO] backtest.engine: run_complete symbol=ABNB trades=16 entries=16 exits=16 buffer_blocks=0 persistence_blocks=0 delay_bars=0 costs_enabled=True
2025-10-06 11:38:47,414 [INFO] backtest.engine: run_complete symbol=GOOGL trades=20 entries=20 exits=20 buffer_blocks=0 persistence_blocks=0 delay_bars=0 costs_enabled=True
2025-10-06 11:38:47,433 [INFO] backtest.engine: run_complete symbol=GOOG trades=21 entries=21 exits=21 buffer_blocks=0 persistence_blocks=0 delay_bars=0 costs_enabled=True
2025-10-06 11:38:47,451 [INFO] backtest.engine: run_complete symbol=AMZN trades=18 entries=18 exits=18 buffer_blocks=0 persistence_blocks=0 delay_bars=0 costs_enabled=True
2025-10-06 11:38:47,470 [INFO] backtest.engine: run_complete symbol=AEP trades=24 entries=24 exits=24 buffer_blocks=0 persistence_blocks=0 delay_bars=0 costs_enabled=True
2025-10-06 11:38:47,488 [INFO] backtest.engine: run_complete symbol=AMGN trades=18 entries=18 exits=18 buffer_blocks=0 persistence_blocks=0 delay_bars=0 costs_enabled=True
2025-10-06 11:38:47,507 [INFO] backtest.engine: run_complete symbol=ADI trades=17 entries=17 exits=17 buffer_blocks=0 persistence_blocks=0 delay_bars=0 costs_enabled=True
2025-10-06 11:38:47,525 [INFO] backtest.engine: run_complete symbol=AAPL trades=21 entries=21 exits=21 buffer_blocks=0 persistence_blocks=0 delay_bars=0 costs_enabled=True
2025-10-06 11:38:47,565 [INFO] backtest.engine: run_complete symbol=ADBE trades=37 entries=37 exits=37 buffer_blocks=0 persistence_blocks=0 delay_bars=0 costs_enabled=True
2025-10-06 11:38:47,600 [INFO] backtest.engine: run_complete symbol=AMD trades=44 entries=44 exits=44 buffer_blocks=0 persistence_blocks=0 delay_bars=0 costs_enabled=True
2025-10-06 11:38:47,636 [INFO] backtest.engine: run_complete symbol=ABNB trades=41 entries=41 exits=41 buffer_blocks=0 persistence_blocks=0 delay_bars=0 costs_enabled=True
2025-10-06 11:38:47,672 [INFO] backtest.engine: run_complete symbol=GOOGL trades=42 entries=42 exits=42 buffer_blocks=0 persistence_blocks=0 delay_bars=0 costs_enabled=True
2025-10-06 11:38:47,708 [INFO] backtest.engine: run_complete symbol=GOOG trades=43 entries=43 exits=43 buffer_blocks=0 persistence_blocks=0 delay_bars=0 costs_enabled=True
2025-10-06 11:38:47,773 [INFO] backtest.engine: run_complete symbol=AMZN trades=39 entries=39 exits=39 buffer_blocks=0 persistence_blocks=0 delay_bars=0 costs_enabled=True
2025-10-06 11:38:47,809 [INFO] backtest.engine: run_complete symbol=AEP trades=41 entries=41 exits=41 buffer_blocks=0 persistence_blocks=0 delay_bars=0 costs_enabled=True
2025-10-06 11:38:47,847 [INFO] backtest.engine: run_complete symbol=AMGN trades=40 entries=40 exits=40 buffer_blocks=0 persistence_blocks=0 delay_bars=0 costs_enabled=True
2025-10-06 11:38:47,883 [INFO] backtest.engine: run_complete symbol=ADI trades=42 entries=42 exits=42 buffer_blocks=0 persistence_blocks=0 delay_bars=0 costs_enabled=True
2025-10-06 11:38:47,919 [INFO] backtest.engine: run_complete symbol=AAPL trades=43 entries=43 exits=43 buffer_blocks=0 persistence_blocks=0 delay_bars=0 costs_enabled=True
2025-10-06 11:38:47,941 [INFO] backtest.engine: run_complete symbol=ADBE trades=14 entries=14 exits=14 buffer_blocks=0 persistence_blocks=0 delay_bars=0 costs_enabled=True
2025-10-06 11:38:47,959 [INFO] backtest.engine: run_complete symbol=AMD trades=19 entries=19 exits=19 buffer_blocks=0 persistence_blocks=0 delay_bars=0 costs_enabled=True
2025-10-06 11:38:47,977 [INFO] backtest.engine: run_complete symbol=ABNB trades=16 entries=16 exits=16 buffer_blocks=0 persistence_blocks=0 delay_bars=0 costs_enabled=True
2025-10-06 11:38:47,996 [INFO] backtest.engine: run_complete symbol=GOOGL trades=19 entries=19 exits=19 buffer_blocks=0 persistence_blocks=0 delay_bars=0 costs_enabled=True
2025-10-06 11:38:48,014 [INFO] backtest.engine: run_complete symbol=GOOG trades=19 entries=19 exits=19 buffer_blocks=0 persistence_blocks=0 delay_bars=0 costs_enabled=True
2025-10-06 11:38:48,032 [INFO] backtest.engine: run_complete symbol=AMZN trades=17 entries=17 exits=17 buffer_blocks=0 persistence_blocks=0 delay_bars=0 costs_enabled=True
2025-10-06 11:38:48,051 [INFO] backtest.engine: run_complete symbol=AEP trades=20 entries=20 exits=20 buffer_blocks=0 persistence_blocks=0 delay_bars=0 costs_enabled=True
2025-10-06 11:38:48,070 [INFO] backtest.engine: run_complete symbol=AMGN trades=17 entries=17 exits=17 buffer_blocks=0 persistence_blocks=0 delay_bars=0 costs_enabled=True
2025-10-06 11:38:48,088 [INFO] backtest.engine: run_complete symbol=ADI trades=19 entries=19 exits=19 buffer_blocks=0 persistence_blocks=0 delay_bars=0 costs_enabled=True
2025-10-06 11:38:48,107 [INFO] backtest.engine: run_complete symbol=AAPL trades=19 entries=19 exits=19 buffer_blocks=0 persistence_blocks=0 delay_bars=0 costs_enabled=True
2025-10-06 11:38:48,152 [INFO] backtest.engine: run_complete symbol=ADBE trades=37 entries=37 exits=37 buffer_blocks=0 persistence_blocks=0 delay_bars=0 costs_enabled=True
2025-10-06 11:38:48,189 [INFO] backtest.engine: run_complete symbol=AMD trades=44 entries=44 exits=44 buffer_blocks=0 persistence_blocks=0 delay_bars=0 costs_enabled=True
2025-10-06 11:38:48,225 [INFO] backtest.engine: run_complete symbol=ABNB trades=41 entries=41 exits=41 buffer_blocks=0 persistence_blocks=0 delay_bars=0 costs_enabled=True
2025-10-06 11:38:48,261 [INFO] backtest.engine: run_complete symbol=GOOGL trades=43 entries=43 exits=43 buffer_blocks=0 persistence_blocks=0 delay_bars=0 costs_enabled=True
2025-10-06 11:38:48,298 [INFO] backtest.engine: run_complete symbol=GOOG trades=44 entries=44 exits=44 buffer_blocks=0 persistence_blocks=0 delay_bars=0 costs_enabled=True
2025-10-06 11:38:48,334 [INFO] backtest.engine: run_complete symbol=AMZN trades=39 entries=39 exits=39 buffer_blocks=0 persistence_blocks=0 delay_bars=0 costs_enabled=True
2025-10-06 11:38:48,370 [INFO] backtest.engine: run_complete symbol=AEP trades=41 entries=41 exits=41 buffer_blocks=0 persistence_blocks=0 delay_bars=0 costs_enabled=True
2025-10-06 11:38:48,406 [INFO] backtest.engine: run_complete symbol=AMGN trades=41 entries=41 exits=41 buffer_blocks=0 persistence_blocks=0 delay_bars=0 costs_enabled=True
2025-10-06 11:38:48,442 [INFO] backtest.engine: run_complete symbol=ADI trades=42 entries=42 exits=42 buffer_blocks=0 persistence_blocks=0 delay_bars=0 costs_enabled=True
2025-10-06 11:38:48,479 [INFO] backtest.engine: run_complete symbol=AAPL trades=44 entries=44 exits=44 buffer_blocks=0 persistence_blocks=0 delay_bars=0 costs_enabled=True
2025-10-06 11:38:48,502 [INFO] backtest.engine: run_complete symbol=ADBE trades=14 entries=14 exits=14 buffer_blocks=0 persistence_blocks=0 delay_bars=0 costs_enabled=True
2025-10-06 11:38:48,521 [INFO] backtest.engine: run_complete symbol=AMD trades=20 entries=20 exits=20 buffer_blocks=0 persistence_blocks=0 delay_bars=0 costs_enabled=True
2025-10-06 11:38:48,538 [INFO] backtest.engine: run_complete symbol=ABNB trades=16 entries=16 exits=16 buffer_blocks=0 persistence_blocks=0 delay_bars=0 costs_enabled=True
2025-10-06 11:38:48,556 [INFO] backtest.engine: run_complete symbol=GOOGL trades=19 entries=19 exits=19 buffer_blocks=0 persistence_blocks=0 delay_bars=0 costs_enabled=True
2025-10-06 11:38:48,575 [INFO] backtest.engine: run_complete symbol=GOOG trades=19 entries=19 exits=19 buffer_blocks=0 persistence_blocks=0 delay_bars=0 costs_enabled=True
2025-10-06 11:38:48,593 [INFO] backtest.engine: run_complete symbol=AMZN trades=18 entries=18 exits=18 buffer_blocks=0 persistence_blocks=0 delay_bars=0 costs_enabled=True
2025-10-06 11:38:48,611 [INFO] backtest.engine: run_complete symbol=AEP trades=20 entries=21 exits=20 buffer_blocks=0 persistence_blocks=0 delay_bars=0 costs_enabled=True
2025-10-06 11:38:48,630 [INFO] backtest.engine: run_complete symbol=AMGN trades=17 entries=17 exits=17 buffer_blocks=0 persistence_blocks=0 delay_bars=0 costs_enabled=True
2025-10-06 11:38:48,649 [INFO] backtest.engine: run_complete symbol=ADI trades=19 entries=19 exits=19 buffer_blocks=0 persistence_blocks=0 delay_bars=0 costs_enabled=True
2025-10-06 11:38:48,669 [INFO] backtest.engine: run_complete symbol=AAPL trades=19 entries=19 exits=19 buffer_blocks=0 persistence_blocks=0 delay_bars=0 costs_enabled=True
